{"content": {"suites": {"0": {"status": {"total_pass": 8, "total_skip": 0, "total_xpass": 0, "total_xfail": 0, "total_rerun": 0, "total_fail": 5, "total_error": 0}, "tests": {"0": {"status": "PASS", "message": "", "test_name": "test_e2e", "rerun": "0"}, "1": {"status": "PASS", "message": "", "test_name": "test_login[getData0]", "rerun": "0"}, "2": {"status": "PASS", "message": "", "test_name": "test_popupmsg", "rerun": "0"}, "3": {"status": "PASS", "message": "", "test_name": "test_searchproduct", "rerun": "0"}, "4": {"status": "PASS", "message": "", "test_name": "test_cartPage", "rerun": "0"}, "5": {"status": "PASS", "message": "", "test_name": "test_checkOutPage", "rerun": "0"}, "6": {"status": "FAIL", "message": "   selenium.common.exceptions.NoSuchElementException: Message: no such element: Unable to locate element: {\"method\":\"xpath\",\"selector\":\"//input[@id='mat-input-29']\"}\n     (Session info: chrome=88.0.4324.190)\n", "test_name": "test_checkOutAddAddress", "rerun": "0"}, "7": {"status": "PASS", "message": "", "test_name": "test_timeSlot", "rerun": "0"}, "8": {"status": "PASS", "message": "", "test_name": "test_paymentMethods", "rerun": "0"}, "9": {"status": "FAIL", "message": "   AssertionError: assert 'uccess' in 'Please select address'\n", "test_name": "test_proceed", "rerun": "0"}, "10": {"status": "FAIL", "message": "   selenium.common.exceptions.NoSuchElementException: Message: no such element: Unable to locate element: {\"method\":\"xpath\",\"selector\":\"//a[contains(text(),'View Order')]\"}\n     (Session info: chrome=88.0.4324.190)\n", "test_name": "test_viewOrder", "rerun": "0"}, "11": {"status": "FAIL", "message": "   AttributeError: 'NoneType' object has no attribute 'click'\n", "test_name": "test_cancelOrder", "rerun": "0"}, "12": {"status": "FAIL", "message": "   selenium.common.exceptions.NoSuchWindowException: Message: no such window: target window already closed\n   from unknown error: web view not found\n     (Session info: chrome=88.0.4324.190)\n", "test_name": "test_home", "rerun": "0"}}, "suite_name": "test_End2End.py"}}}, "date": "March 13, 2021", "start_time": 1615626521, "total_suite": 1, "status": "FAIL", "status_list": {"pass": "8", "fail": "5", "skip": "0", "error": "0", "xpass": "0", "xfail": "0", "rerun": "0"}, "total_tests": "13"}